[11:29:45] [main/INFO] (FabricLoader/GameProvider) Loading Minecraft 1.19.4 with Fabric Loader 0.14.19
[11:29:45] [main/INFO] (FabricLoader) Loading 46 mods:
	- fabric-api 0.80.0+1.19.4
	- fabric-api-base 0.4.25+504944c8f4
	- fabric-api-lookup-api-v1 1.6.26+504944c8f4
	- fabric-biome-api-v1 13.0.8+348a9c64f4
	- fabric-block-api-v1 1.0.7+e022e5d1f4
	- fabric-blockrenderlayer-v1 1.1.35+c2e6f674f4
	- fabric-client-tags-api-v1 1.0.16+504944c8f4
	- fabric-command-api-v2 2.2.7+504944c8f4
	- fabric-content-registries-v0 3.5.10+ae0966baf4
	- fabric-convention-tags-v1 1.4.2+9a7c5daaf4
	- fabric-crash-report-info-v1 0.2.16+aeb40ebef4
	- fabric-data-generation-api-v1 11.4.1+504944c8f4
	- fabric-dimensions-v1 2.1.46+7f87f8faf4
	- fabric-entity-events-v1 1.5.14+504944c8f4
	- fabric-events-interaction-v0 0.5.0+76ba65ebf4
	- fabric-game-rule-api-v1 1.0.34+a1ccd7bff4
	- fabric-gametest-api-v1 1.2.5+ae0966baf4
	- fabric-item-api-v1 2.1.18+504944c8f4
	- fabric-item-group-api-v1 3.0.6+043f9acff4
	- fabric-key-binding-api-v1 1.0.34+504944c8f4
	- fabric-lifecycle-events-v1 2.2.16+504944c8f4
	- fabric-loot-api-v2 1.1.28+75e98211f4
	- fabric-message-api-v1 5.1.2+504944c8f4
	- fabric-mining-level-api-v1 2.1.40+49abcf7ef4
	- fabric-models-v0 0.3.31+504944c8f4
	- fabric-networking-api-v1 1.3.2+504944c8f4
	- fabric-object-builder-api-v1 7.0.4+504944c8f4
	- fabric-particles-v1 1.0.24+f1e4495bf4
	- fabric-recipe-api-v1 1.0.9+a1ccd7bff4
	- fabric-registry-sync-v0 2.2.1+504944c8f4
	- fabric-renderer-api-v1 2.2.6+504944c8f4
	- fabric-renderer-indigo 1.1.2+81e8c576f4
	- fabric-rendering-data-attachment-v1 0.3.29+afca2f3ef4
	- fabric-rendering-fluids-v1 3.0.22+504944c8f4
	- fabric-rendering-v1 2.1.2+504944c8f4
	- fabric-resource-conditions-api-v1 2.3.2+e6c7d4eef4
	- fabric-resource-loader-v0 0.11.3+1e1fb126f4
	- fabric-screen-api-v1 1.0.46+504944c8f4
	- fabric-screen-handler-api-v1 1.3.21+504944c8f4
	- fabric-sound-api-v1 1.0.10+504944c8f4
	- fabric-transfer-api-v1 3.1.2+504944c8f4
	- fabric-transitive-access-wideners-v1 3.0.4+504944c8f4
	- fabricloader 0.14.19
	- java 17
	- minecraft 1.19.4
	- simplewarfare 1.0-SNAPSHOT
[11:29:46] [main/INFO] (FabricLoader/Mixin) SpongePowered MIXIN Subsystem Version=0.8.5 Source=file:/C:/Users/lclar/.gradle/caches/modules-2/files-2.1/net.fabricmc/sponge-mixin/0.12.4+mixin.0.8.5/e13b4069fe3555969811d4474f78576c707bbe1c/sponge-mixin-0.12.4+mixin.0.8.5.jar Service=Knot/Fabric Env=CLIENT
[11:29:46] [main/INFO] (FabricLoader/Mixin) Loaded Fabric development mappings for mixin remapper!
[11:29:46] [main/INFO] (FabricLoader/Mixin) Compatibility level set to JAVA_16
[11:29:46] [main/INFO] (FabricLoader/Mixin) Compatibility level set to JAVA_17
[11:29:48] [main/WARN] (PerfDataUtil) Failed to add PDH Counter: \Paging File(_Total)\% Usage, Error code: 0xC0000BB8
[11:29:48] [main/WARN] (PerfCounterQueryHandler) Failed to add counter for PDH counter: \Paging File(_Total)\% Usage
[11:29:48] [main/WARN] (PerfCounterQuery) Disabling further attempts to query Paging File.
[11:29:49] [main/WARN] (WmiQueryHandler) COM exception: Invalid Query: SELECT PERCENTUSAGE FROM Win32_PerfRawData_PerfOS_PagingFile
[11:29:53] [Datafixer Bootstrap/INFO] (Minecraft) 180 Datafixer optimizations took 151 milliseconds
[11:29:56] [Render thread/INFO] (Minecraft) Environment: authHost='https://authserver.mojang.com', accountsHost='https://api.mojang.com', sessionHost='https://sessionserver.mojang.com', servicesHost='https://api.minecraftservices.com', name='PROD'
[11:29:57] [Render thread/ERROR] (Minecraft) Failed to verify authentication
com.mojang.authlib.exceptions.InvalidCredentialsException: Status: 401
	at com.mojang.authlib.exceptions.MinecraftClientHttpException.toAuthenticationException(MinecraftClientHttpException.java:56) ~[authlib-3.18.38.jar:?]
	at com.mojang.authlib.yggdrasil.YggdrasilUserApiService.fetchProperties(YggdrasilUserApiService.java:156) ~[authlib-3.18.38.jar:?]
	at com.mojang.authlib.yggdrasil.YggdrasilUserApiService.<init>(YggdrasilUserApiService.java:55) ~[authlib-3.18.38.jar:?]
	at com.mojang.authlib.yggdrasil.YggdrasilAuthenticationService.createUserApiService(YggdrasilAuthenticationService.java:161) ~[authlib-3.18.38.jar:?]
	at net.minecraft.client.MinecraftClient.createUserApiService(MinecraftClient.java:732) ~[minecraft-merged-project-root-1.19.4-net.fabricmc.yarn.1_19_4.1.19.4+build.2-v2.jar:?]
	at net.minecraft.client.MinecraftClient.<init>(MinecraftClient.java:440) ~[minecraft-merged-project-root-1.19.4-net.fabricmc.yarn.1_19_4.1.19.4+build.2-v2.jar:?]
	at net.minecraft.client.main.Main.main(Main.java:198) ~[minecraft-merged-project-root-1.19.4-net.fabricmc.yarn.1_19_4.1.19.4+build.2-v2.jar:?]
	at net.fabricmc.loader.impl.game.minecraft.MinecraftGameProvider.launch(MinecraftGameProvider.java:462) ~[fabric-loader-0.14.19.jar:?]
	at net.fabricmc.loader.impl.launch.knot.Knot.launch(Knot.java:74) ~[fabric-loader-0.14.19.jar:?]
	at net.fabricmc.loader.impl.launch.knot.KnotClient.main(KnotClient.java:23) ~[fabric-loader-0.14.19.jar:?]
	at net.fabricmc.devlaunchinjector.Main.main(Main.java:86) ~[dev-launch-injector-0.2.1+build.8.jar:?]
Caused by: com.mojang.authlib.exceptions.MinecraftClientHttpException: Status: 401
	at com.mojang.authlib.minecraft.client.MinecraftClient.readInputStream(MinecraftClient.java:85) ~[authlib-3.18.38.jar:?]
	at com.mojang.authlib.minecraft.client.MinecraftClient.get(MinecraftClient.java:48) ~[authlib-3.18.38.jar:?]
	at com.mojang.authlib.yggdrasil.YggdrasilUserApiService.fetchProperties(YggdrasilUserApiService.java:129) ~[authlib-3.18.38.jar:?]
	... 9 more
[11:29:57] [Render thread/INFO] (Minecraft) Setting user: Player583
[11:29:57] [Render thread/INFO] (simplewarfare) Simple Warfare initializing
[11:29:57] [Render thread/INFO] (Indigo) [Indigo] Registering Indigo renderer!
[11:29:57] [Render thread/INFO] (Minecraft) Backend library: LWJGL version 3.3.1 SNAPSHOT
[11:29:59] [Render thread/INFO] (Minecraft) Reloading ResourceManager: vanilla, Fabric Mods (Fabric Screen Handler API (v1), Fabric BlockRenderLayer Registration (v1), Fabric Recipe API (v1), Fabric API Lookup API (v1), Fabric Renderer - Indigo, Fabric API Base, Fabric Registry Sync (v0), Fabric Rendering Data Attachment (v1), Fabric Client Tags, Simple Warfare, Fabric Item API (v1), Fabric Rendering (v1), Fabric Object Builder API (v1), Fabric Networking API (v1), Fabric Renderer API (v1), Fabric Block API (v1), Fabric Crash Report Info (v1), Fabric Lifecycle Events (v1), Fabric Item Group API (v1), Fabric Command API (v2), Fabric Screen API (v1), Fabric Mining Level API (v1), Fabric Loot API (v2), Fabric Biome API (v1), Fabric Resource Conditions API (v1), Fabric Rendering Fluids (v1), Fabric Models (v0), Fabric Sound API (v1), Fabric Events Interaction (v0), Fabric Resource Loader (v0), Fabric Entity Events (v1), Fabric Data Generation API (v1), Fabric Transitive Access Wideners (v1), Fabric Loader, Fabric Dimensions API (v1), Fabric Game Test API (v1), Fabric Content Registries (v0), Fabric Message API (v1), Fabric Key Binding API (v1), Fabric Particles (v1), Fabric Convention Tags, Fabric Transfer API (v1), Fabric Game Rule API (v1), Fabric API)
[11:30:00] [Realms Notification Availability checker #1/INFO] (Minecraft) Could not authorize you against Realms server: Invalid session id
[11:30:00] [Worker-Main-6/WARN] (Minecraft) Unable to load model: 'simplewarfare:fakek47#inventory' referenced from: simplewarfare:fakek47#inventory: java.io.FileNotFoundException: simplewarfare:models/item/fakek47.json
[11:30:01] [Render thread/WARN] (Minecraft) Missing sound for event: minecraft:item.brush.brushing
[11:30:01] [Render thread/WARN] (Minecraft) Missing sound for event: minecraft:item.brush.brush_sand_completed
[11:30:01] [Render thread/WARN] (Minecraft) Missing sound for event: minecraft:item.goat_horn.play
[11:30:01] [Render thread/WARN] (Minecraft) Missing sound for event: minecraft:entity.goat.screaming.horn_break
[11:30:01] [Render thread/WARN] (Minecraft) Missing sound for event: minecraft:music.overworld.cherry_grove
[11:30:01] [Render thread/INFO] (Minecraft) OpenAL initialized on device OpenAL Soft on Speakers (Realtek High Definition Audio)
[11:30:01] [Render thread/INFO] (Minecraft) Sound engine started
[11:30:01] [Render thread/INFO] (Minecraft) Created: 1024x512x4 minecraft:textures/atlas/blocks.png-atlas
[11:30:01] [Render thread/INFO] (Minecraft) Created: 256x256x4 minecraft:textures/atlas/signs.png-atlas
[11:30:01] [Render thread/INFO] (Minecraft) Created: 512x512x4 minecraft:textures/atlas/shield_patterns.png-atlas
[11:30:01] [Render thread/INFO] (Minecraft) Created: 512x512x4 minecraft:textures/atlas/banner_patterns.png-atlas
[11:30:01] [Render thread/INFO] (Minecraft) Created: 1024x1024x4 minecraft:textures/atlas/armor_trims.png-atlas
[11:30:01] [Render thread/INFO] (Minecraft) Created: 64x64x4 minecraft:textures/atlas/decorated_pot.png-atlas
[11:30:01] [Render thread/INFO] (Minecraft) Created: 256x256x4 minecraft:textures/atlas/chest.png-atlas
[11:30:01] [Render thread/INFO] (Minecraft) Created: 512x256x4 minecraft:textures/atlas/shulker_boxes.png-atlas
[11:30:01] [Render thread/INFO] (Minecraft) Created: 512x256x4 minecraft:textures/atlas/beds.png-atlas
[11:30:02] [Render thread/WARN] (Minecraft) Shader rendertype_entity_translucent_emissive could not find sampler named Sampler2 in the specified shader program.
[11:30:02] [Render thread/INFO] (Minecraft) Created: 256x256x0 minecraft:textures/atlas/particles.png-atlas
[11:30:02] [Render thread/INFO] (Minecraft) Created: 256x256x0 minecraft:textures/atlas/paintings.png-atlas
[11:30:02] [Render thread/INFO] (Minecraft) Created: 128x128x0 minecraft:textures/atlas/mob_effects.png-atlas
[11:30:06] [Render thread/INFO] (Minecraft) Loaded 7 recipes
[11:30:07] [Render thread/INFO] (Minecraft) Loaded 1179 advancements
[11:30:07] [Render thread/INFO] (BiomeModificationImpl) Applied 0 biome modifications to 0 of 63 new biomes in 1.723 ms
[11:30:07] [Server thread/INFO] (Minecraft) Starting integrated minecraft server version 1.19.4
[11:30:07] [Server thread/INFO] (Minecraft) Generating keypair
[11:30:08] [Server thread/INFO] (Minecraft) Preparing start region for dimension minecraft:overworld
[11:30:10] [Render thread/INFO] (Minecraft) Preparing spawn area: 0%
[11:30:10] [Render thread/INFO] (Minecraft) Preparing spawn area: 0%
[11:30:10] [Render thread/INFO] (Minecraft) Preparing spawn area: 0%
[11:30:10] [Render thread/INFO] (Minecraft) Preparing spawn area: 0%
[11:30:10] [Render thread/INFO] (Minecraft) Preparing spawn area: 0%
[11:30:10] [Render thread/INFO] (Minecraft) Preparing spawn area: 9%
[11:30:11] [Render thread/INFO] (Minecraft) Preparing spawn area: 54%
[11:30:11] [Render thread/INFO] (Minecraft) Time elapsed: 3280 ms
[11:30:11] [Server thread/INFO] (Minecraft) Changing view distance to 12, from 10
[11:30:11] [Server thread/INFO] (Minecraft) Changing simulation distance to 12, from 0
[11:30:12] [Server thread/INFO] (Minecraft) Player583[local:E:16419632] logged in with entity id 129 at (6.133697487075132, -60.0, 115.16451543598605)
[11:30:12] [Server thread/INFO] (Minecraft) Player583 joined the game
[11:30:13] [Render thread/INFO] (Minecraft) Loaded 2 advancements
[11:30:20] [Server thread/INFO] (Minecraft) Saving and pausing game...
[11:30:20] [Server thread/INFO] (Minecraft) Saving chunks for level 'ServerLevel[new test]'/minecraft:overworld
[11:30:20] [Server thread/INFO] (Minecraft) Saving chunks for level 'ServerLevel[new test]'/minecraft:the_nether
[11:30:20] [Server thread/INFO] (Minecraft) Saving chunks for level 'ServerLevel[new test]'/minecraft:the_end
[11:30:26] [Server thread/INFO] (Minecraft) Saving and pausing game...
[11:30:26] [Server thread/INFO] (Minecraft) Saving chunks for level 'ServerLevel[new test]'/minecraft:overworld
[11:30:26] [Server thread/INFO] (Minecraft) Saving chunks for level 'ServerLevel[new test]'/minecraft:the_nether
[11:30:26] [Server thread/INFO] (Minecraft) Saving chunks for level 'ServerLevel[new test]'/minecraft:the_end
[11:30:28] [Render thread/ERROR] (Minecraft) ########## GL ERROR ##########
[11:30:28] [Render thread/ERROR] (Minecraft) @ Render
[11:30:28] [Render thread/ERROR] (Minecraft) 65540: Invalid scancode -1
[11:30:44] [Server thread/INFO] (Minecraft) Saving and pausing game...
[11:30:44] [Server thread/INFO] (Minecraft) Saving chunks for level 'ServerLevel[new test]'/minecraft:overworld
[11:30:44] [Server thread/INFO] (Minecraft) Saving chunks for level 'ServerLevel[new test]'/minecraft:the_nether
[11:30:44] [Server thread/INFO] (Minecraft) Saving chunks for level 'ServerLevel[new test]'/minecraft:the_end
[11:31:01] [Render thread/INFO] (Minecraft) [System] [CHAT] Unknown or incomplete command, see below for error
[11:31:01] [Render thread/INFO] (Minecraft) [System] [CHAT] ... 38 -47 94<--[HERE]
[11:31:08] [Server thread/INFO] (Minecraft) [Player583: Successfully filled 705 blocks]
[11:31:08] [Render thread/INFO] (Minecraft) [System] [CHAT] Successfully filled 705 blocks
[11:31:34] [Server thread/INFO] (Minecraft) [Player583: Gave 1 [item.simplewarfare.fakek47] to Player583]
[11:31:34] [Render thread/INFO] (Minecraft) [System] [CHAT] Gave 1 [item.simplewarfare.fakek47] to Player583
[11:31:58] [Server thread/INFO] (Minecraft) Saving and pausing game...
[11:31:58] [Server thread/INFO] (Minecraft) Saving chunks for level 'ServerLevel[new test]'/minecraft:overworld
[11:31:58] [Server thread/INFO] (Minecraft) Saving chunks for level 'ServerLevel[new test]'/minecraft:the_nether
[11:31:58] [Server thread/INFO] (Minecraft) Saving chunks for level 'ServerLevel[new test]'/minecraft:the_end
[11:33:06] [Server thread/INFO] (Minecraft) Saving and pausing game...
[11:33:06] [Server thread/INFO] (Minecraft) Saving chunks for level 'ServerLevel[new test]'/minecraft:overworld
[11:33:06] [Server thread/INFO] (Minecraft) Saving chunks for level 'ServerLevel[new test]'/minecraft:the_nether
[11:33:06] [Server thread/INFO] (Minecraft) Saving chunks for level 'ServerLevel[new test]'/minecraft:the_end
[11:36:19] [Render thread/INFO] (Minecraft) Loaded 4 advancements
[11:37:33] [Server thread/INFO] (Minecraft) Saving and pausing game...
[11:37:33] [Server thread/INFO] (Minecraft) Saving chunks for level 'ServerLevel[new test]'/minecraft:overworld
[11:37:33] [Server thread/INFO] (Minecraft) Saving chunks for level 'ServerLevel[new test]'/minecraft:the_nether
[11:37:33] [Server thread/INFO] (Minecraft) Saving chunks for level 'ServerLevel[new test]'/minecraft:the_end
[11:39:07] [Server thread/INFO] (Minecraft) Saving and pausing game...
[11:39:07] [Server thread/INFO] (Minecraft) Saving chunks for level 'ServerLevel[new test]'/minecraft:overworld
[11:39:07] [Server thread/INFO] (Minecraft) Saving chunks for level 'ServerLevel[new test]'/minecraft:the_nether
[11:39:07] [Server thread/INFO] (Minecraft) Saving chunks for level 'ServerLevel[new test]'/minecraft:the_end
[11:40:51] [Server thread/INFO] (Minecraft) Player583 lost connection: Disconnected
[11:40:51] [Server thread/INFO] (Minecraft) Player583 left the game
[11:40:51] [Server thread/INFO] (Minecraft) Stopping singleplayer server as player logged out
[11:40:51] [Server thread/INFO] (Minecraft) Stopping server
[11:40:51] [Server thread/INFO] (Minecraft) Saving players
[11:40:51] [Server thread/INFO] (Minecraft) Saving worlds
[11:40:51] [Server thread/INFO] (Minecraft) Saving chunks for level 'ServerLevel[new test]'/minecraft:overworld
